Using pre-set license
Built from '2020.3/staging' branch; Version is '2020.3.11f1 (99c7afb366b3) revision 10078127'; Using compiler version '192528614'; Build Type 'Release'
OS: 'Windows 10 Home Single Language; OS build 19043.1110; Version 2009; 64bit' Language: 'en' Physical Memory: 16234 MB
BatchMode: 1, IsHumanControllingUs: 0, StartBugReporterOnCrash: 0, Is64bit: 1, IsPro: 0

 COMMAND LINE ARGUMENTS:
C:\Program Files\Unity\Hub\Editor\2020.3.11f1\Editor\Unity.exe
-adb2
-batchMode
-noUpm
-name
AssetImportWorker0
-projectPath
D:/Repos/GitHub/SDL-FirstCommertialProject/SDL First Project
-logFile
Logs/AssetImportWorker0.log
-srvPort
1132
Successfully changed project path to: D:/Repos/GitHub/SDL-FirstCommertialProject/SDL First Project
D:/Repos/GitHub/SDL-FirstCommertialProject/SDL First Project
Using Asset Import Pipeline V2.
Refreshing native plugins compatible for Editor in 142.37 ms, found 3 plugins.
Preloading 0 native plugins for Editor in 0.00 ms.
Initialize engine version: 2020.3.11f1 (99c7afb366b3)
[Subsystems] Discovering subsystems at path C:/Program Files/Unity/Hub/Editor/2020.3.11f1/Editor/Data/Resources/UnitySubsystems
[Subsystems] Discovering subsystems at path D:/Repos/GitHub/SDL-FirstCommertialProject/SDL First Project/Assets
GfxDevice: creating device client; threaded=0
Direct3D:
    Version:  Direct3D 11.0 [level 11.1]
    Renderer: Microsoft Basic Render Driver (ID=0x8c)
    Vendor:   
    VRAM:     8117 MB
Shader 'Universal Render Pipeline/Particles/Lit': fallback shader 'Universal Render Pipeline/Particles/SimpleLit' not found
Initialize mono
Mono path[0] = 'C:/Program Files/Unity/Hub/Editor/2020.3.11f1/Editor/Data/Managed'
Mono path[1] = 'C:/Program Files/Unity/Hub/Editor/2020.3.11f1/Editor/Data/MonoBleedingEdge/lib/mono/unityjit'
Mono config path = 'C:/Program Files/Unity/Hub/Editor/2020.3.11f1/Editor/Data/MonoBleedingEdge/etc'
Using monoOptions --debugger-agent=transport=dt_socket,embedding=1,server=y,suspend=n,address=127.0.0.1:56656
Begin MonoManager ReloadAssembly
Registering precompiled unity dll's ...
Register platform support module: C:/Program Files/Unity/Hub/Editor/2020.3.11f1/Editor/Data/PlaybackEngines/WebGLSupport/UnityEditor.WebGL.Extensions.dll
Register platform support module: C:/Program Files/Unity/Hub/Editor/2020.3.11f1/Editor/Data/PlaybackEngines/WindowsStandaloneSupport/UnityEditor.WindowsStandalone.Extensions.dll
Registered in 0.004622 seconds.
Native extension for WindowsStandalone target not found
Native extension for WebGL target not found
Refreshing native plugins compatible for Editor in 158.00 ms, found 3 plugins.
Preloading 0 native plugins for Editor in 0.00 ms.
Mono: successfully reloaded assembly
- Completed reload, in  3.162 seconds
Platform modules already initialized, skipping
Registering precompiled user dll's ...
Registered in 0.007193 seconds.
Begin MonoManager ReloadAssembly
Native extension for WindowsStandalone target not found
Native extension for WebGL target not found
Refreshing native plugins compatible for Editor in 65.58 ms, found 3 plugins.
Preloading 0 native plugins for Editor in 0.00 ms.
Mono: successfully reloaded assembly
- Completed reload, in  1.234 seconds
Platform modules already initialized, skipping
========================================================================
Worker process is ready to serve import requests
Shader 'Universal Render Pipeline/Particles/Lit': fallback shader 'Universal Render Pipeline/Particles/SimpleLit' not found
Launched and connected shader compiler UnityShaderCompiler.exe after 0.05 seconds
Refreshing native plugins compatible for Editor in 0.59 ms, found 3 plugins.
Preloading 0 native plugins for Editor in 0.00 ms.
Unloading 3383 Unused Serialized files (Serialized files now loaded: 0)
System memory in use before: 144.9 MB.
System memory in use after: 145.0 MB.

Unloading 35 unused Assets to reduce memory usage. Loaded Objects now: 3818.
Total: 2.564500 ms (FindLiveObjects: 0.294300 ms CreateObjectMapping: 0.127700 ms MarkObjects: 2.025600 ms  DeleteObjects: 0.115800 ms)

========================================================================
Received Import Request.
  path: Assets/Scenes/lv14.unity
  artifactKey: Guid(a9cadac61c124204597b68e9fed31ae3) Importer(815301076,1909f56bfc062723c751e8b465ee728b)
Start importing Assets/Scenes/lv14.unity using Guid(a9cadac61c124204597b68e9fed31ae3) Importer(815301076,1909f56bfc062723c751e8b465ee728b)  -> (artifact id: '2afb7c52b6059e75189b8fbfe53b3770') in 0.016752 seconds
  Import took 0.030333 seconds .

========================================================================
Received Prepare
Registering precompiled user dll's ...
Registered in 0.004066 seconds.
Begin MonoManager ReloadAssembly
Native extension for WindowsStandalone target not found
Native extension for WebGL target not found
Refreshing native plugins compatible for Editor in 0.61 ms, found 3 plugins.
Preloading 0 native plugins for Editor in 0.00 ms.
Mono: successfully reloaded assembly
- Completed reload, in  1.271 seconds
Platform modules already initialized, skipping
Switching build target platform(19) subTarget(0) extendedPlatform(0) -> platform(13) subTarget(537395200) extendedPlatform(0)
Shader 'Universal Render Pipeline/Particles/Lit': fallback shader 'Universal Render Pipeline/Particles/SimpleLit' not found
Refreshing native plugins compatible for Editor in 0.61 ms, found 3 plugins.
Preloading 0 native plugins for Editor in 0.00 ms.
Unloading 3275 Unused Serialized files (Serialized files now loaded: 0)
System memory in use before: 137.9 MB.
System memory in use after: 138.0 MB.

Unloading 23 unused Assets to reduce memory usage. Loaded Objects now: 3822.
Total: 2.747800 ms (FindLiveObjects: 0.279500 ms CreateObjectMapping: 0.164700 ms MarkObjects: 2.203700 ms  DeleteObjects: 0.098800 ms)

AssetImportParameters requested are different than current active one (requested -> active):
  custom:graphics/normal-map-encoding: 01000000000000000000000000000000 -> 02000000000000000000000000000000
========================================================================
Received Import Request.
  Time since last request: 170.084258 seconds.
  path: Assets/Scenes/lv14.unity
  artifactKey: Guid(a9cadac61c124204597b68e9fed31ae3) Importer(815301076,1909f56bfc062723c751e8b465ee728b)
Start importing Assets/Scenes/lv14.unity using Guid(a9cadac61c124204597b68e9fed31ae3) Importer(815301076,1909f56bfc062723c751e8b465ee728b)  -> (artifact id: 'c47c403cab8984c6c0439dc85cb27c41') in 0.015066 seconds
  Import took 0.022170 seconds .

========================================================================
Received Import Request.
  Time since last request: 85.891008 seconds.
  path: Assets/Scenes/lv14.unity
  artifactKey: Guid(a9cadac61c124204597b68e9fed31ae3) Importer(815301076,1909f56bfc062723c751e8b465ee728b)
Start importing Assets/Scenes/lv14.unity using Guid(a9cadac61c124204597b68e9fed31ae3) Importer(815301076,1909f56bfc062723c751e8b465ee728b)  -> (artifact id: '9a4730b3587c6d5936d8d8a6245f150f') in 0.002750 seconds
  Import took 0.011993 seconds .

========================================================================
Received Import Request.
  Time since last request: 262.511891 seconds.
  path: Assets/Scenes/lv14.unity
  artifactKey: Guid(a9cadac61c124204597b68e9fed31ae3) Importer(815301076,1909f56bfc062723c751e8b465ee728b)
Start importing Assets/Scenes/lv14.unity using Guid(a9cadac61c124204597b68e9fed31ae3) Importer(815301076,1909f56bfc062723c751e8b465ee728b)  -> (artifact id: '3a1f3c0d41f2049d61ef55be259e91e0') in 0.004254 seconds
  Import took 0.286552 seconds .

AssetImportWorkerClient::OnTransportError - code=2 error=End of file
